[ 2016-10-23T09:34:14+08:00 ] ::1 /wenfa/index.php/Home/First/first.html
INFO: [ app_begin ] --START--
INFO: Run Behavior\ReadHtmlCache [ RunTime:0.019890s ]
INFO: [ app_begin ] --END-- [ RunTime:0.037125s ]
INFO: [ view_parse ] --START--
INFO: [ template_filter ] --START--
INFO: Run Behavior\ContentReplace [ RunTime:0.000236s ]
INFO: [ template_filter ] --END-- [ RunTime:0.000817s ]
INFO: Run Behavior\ParseTemplate [ RunTime:0.122913s ]
INFO: [ view_parse ] --END-- [ RunTime:0.123526s ]
INFO: [ view_filter ] --START--
INFO: Run Behavior\WriteHtmlCache [ RunTime:0.013926s ]
INFO: [ view_filter ] --END-- [ RunTime:0.014498s ]
INFO: [ app_end ] --START--
INFO: Run Behavior\ShowPageTrace [ RunTime:0.013562s ]
INFO: [ app_end ] --END-- [ RunTime:0.014136s ]

[ 2016-10-23T09:35:06+08:00 ] ::1 /wenfa/index.php/Home/First/first.html
INFO: [ app_begin ] --START--
INFO: Run Behavior\ReadHtmlCache [ RunTime:0.004144s ]
INFO: [ app_begin ] --END-- [ RunTime:0.006712s ]
INFO: [ view_parse ] --START--
INFO: [ template_filter ] --START--
INFO: Run Behavior\ContentReplace [ RunTime:0.000245s ]
INFO: [ template_filter ] --END-- [ RunTime:0.000814s ]
INFO: Run Behavior\ParseTemplate [ RunTime:0.037038s ]
INFO: [ view_parse ] --END-- [ RunTime:0.038357s ]
INFO: [ view_filter ] --START--
INFO: Run Behavior\WriteHtmlCache [ RunTime:0.003779s ]
INFO: [ view_filter ] --END-- [ RunTime:0.004346s ]
INFO: [ app_end ] --START--
INFO: Run Behavior\ShowPageTrace [ RunTime:0.004249s ]
INFO: [ app_end ] --END-- [ RunTime:0.004837s ]

[ 2016-10-23T09:35:37+08:00 ] ::1 /wenfa/index.php/Home/First/first.html
INFO: [ app_begin ] --START--
INFO: Run Behavior\ReadHtmlCache [ RunTime:0.004833s ]
INFO: [ app_begin ] --END-- [ RunTime:0.007345s ]
INFO: [ view_parse ] --START--
INFO: [ template_filter ] --START--
INFO: Run Behavior\ContentReplace [ RunTime:0.000231s ]
INFO: [ template_filter ] --END-- [ RunTime:0.000799s ]
INFO: Run Behavior\ParseTemplate [ RunTime:0.036749s ]
INFO: [ view_parse ] --END-- [ RunTime:0.037632s ]
INFO: [ view_filter ] --START--
INFO: Run Behavior\WriteHtmlCache [ RunTime:0.006344s ]
INFO: [ view_filter ] --END-- [ RunTime:0.006908s ]
INFO: [ app_end ] --START--
INFO: Run Behavior\ShowPageTrace [ RunTime:0.004546s ]
INFO: [ app_end ] --END-- [ RunTime:0.005120s ]

[ 2016-10-23T09:36:02+08:00 ] ::1 /wenfa/index.php/Home/First/first.html
INFO: [ app_begin ] --START--
INFO: Run Behavior\ReadHtmlCache [ RunTime:0.003270s ]
INFO: [ app_begin ] --END-- [ RunTime:0.005696s ]
INFO: [ view_parse ] --START--
INFO: [ template_filter ] --START--
INFO: Run Behavior\ContentReplace [ RunTime:0.000233s ]
INFO: [ template_filter ] --END-- [ RunTime:0.000820s ]
INFO: Run Behavior\ParseTemplate [ RunTime:0.031225s ]
INFO: [ view_parse ] --END-- [ RunTime:0.031831s ]
INFO: [ view_filter ] --START--
INFO: Run Behavior\WriteHtmlCache [ RunTime:0.002269s ]
INFO: [ view_filter ] --END-- [ RunTime:0.002837s ]
INFO: [ app_end ] --START--
INFO: Run Behavior\ShowPageTrace [ RunTime:0.002836s ]
INFO: [ app_end ] --END-- [ RunTime:0.003409s ]

[ 2016-10-23T09:36:10+08:00 ] ::1 /wenfa/index.php/Home/First/first.html
INFO: [ app_begin ] --START--
INFO: Run Behavior\ReadHtmlCache [ RunTime:0.002927s ]
INFO: [ app_begin ] --END-- [ RunTime:0.004924s ]
INFO: [ view_parse ] --START--
INFO: [ template_filter ] --START--
INFO: Run Behavior\ContentReplace [ RunTime:0.000240s ]
INFO: [ template_filter ] --END-- [ RunTime:0.000832s ]
INFO: Run Behavior\ParseTemplate [ RunTime:0.035716s ]
INFO: [ view_parse ] --END-- [ RunTime:0.036314s ]
INFO: [ view_filter ] --START--
INFO: Run Behavior\WriteHtmlCache [ RunTime:0.002017s ]
INFO: [ view_filter ] --END-- [ RunTime:0.002573s ]
INFO: [ app_end ] --START--
INFO: Run Behavior\ShowPageTrace [ RunTime:0.006930s ]
INFO: [ app_end ] --END-- [ RunTime:0.008086s ]

[ 2016-10-23T09:36:18+08:00 ] ::1 /wenfa/index.php/Home/First/first.html
INFO: [ app_begin ] --START--
INFO: Run Behavior\ReadHtmlCache [ RunTime:0.003259s ]
INFO: [ app_begin ] --END-- [ RunTime:0.005116s ]
INFO: [ view_parse ] --START--
INFO: [ template_filter ] --START--
INFO: Run Behavior\ContentReplace [ RunTime:0.000232s ]
INFO: [ template_filter ] --END-- [ RunTime:0.000824s ]
INFO: Run Behavior\ParseTemplate [ RunTime:0.027816s ]
INFO: [ view_parse ] --END-- [ RunTime:0.028416s ]
INFO: [ view_filter ] --START--
INFO: Run Behavior\WriteHtmlCache [ RunTime:0.003328s ]
INFO: [ view_filter ] --END-- [ RunTime:0.004393s ]
INFO: [ app_end ] --START--
INFO: Run Behavior\ShowPageTrace [ RunTime:0.002481s ]
INFO: [ app_end ] --END-- [ RunTime:0.003053s ]

[ 2016-10-23T09:37:26+08:00 ] ::1 /wenfa/index.php/Home/First/first.html
INFO: [ app_begin ] --START--
INFO: Run Behavior\ReadHtmlCache [ RunTime:0.002586s ]
INFO: [ app_begin ] --END-- [ RunTime:0.034357s ]
INFO: [ view_parse ] --START--
INFO: [ template_filter ] --START--
INFO: Run Behavior\ContentReplace [ RunTime:0.000236s ]
INFO: [ template_filter ] --END-- [ RunTime:0.001039s ]
INFO: Run Behavior\ParseTemplate [ RunTime:0.108079s ]
INFO: [ view_parse ] --END-- [ RunTime:0.108682s ]
INFO: [ view_filter ] --START--
INFO: Run Behavior\WriteHtmlCache [ RunTime:0.002107s ]
INFO: [ view_filter ] --END-- [ RunTime:0.002667s ]
INFO: [ app_end ] --START--
INFO: Run Behavior\ShowPageTrace [ RunTime:0.002536s ]
INFO: [ app_end ] --END-- [ RunTime:0.003105s ]

[ 2016-10-23T09:40:56+08:00 ] ::1 /wenfa/index.php/Home/First/add
INFO: [ app_begin ] --START--
INFO: Run Behavior\ReadHtmlCache [ RunTime:0.002964s ]
INFO: [ app_begin ] --END-- [ RunTime:0.006442s ]
NOTIC: [8192] mysql_connect(): The mysql extension is deprecated and will be removed in the future: use mysqli or PDO instead D:\wamp\www\wenfa\ThinkPHP\Library\Think\Db\Driver\Mysql.class.php 第 52 行.
SQL: SHOW COLUMNS FROM `tp_user` [ RunTime:0.019371s ]
SQL: INSERT INTO `tp_user` (`college`,`snum`,`sname`,`pnum`) VALUES ('XXX','XXX','XXX','138992475') [ RunTime:0.003378s ]
INFO: [ view_parse ] --START--
INFO: [ template_filter ] --START--
INFO: Run Behavior\ContentReplace [ RunTime:0.000209s ]
INFO: [ template_filter ] --END-- [ RunTime:0.000778s ]
INFO: Run Behavior\ParseTemplate [ RunTime:0.043755s ]
INFO: [ view_parse ] --END-- [ RunTime:0.044975s ]
INFO: [ view_filter ] --START--
INFO: Run Behavior\WriteHtmlCache [ RunTime:0.002579s ]
INFO: [ view_filter ] --END-- [ RunTime:0.003579s ]
INFO: [ app_end ] --START--
INFO: Run Behavior\ShowPageTrace [ RunTime:0.002708s ]
INFO: [ app_end ] --END-- [ RunTime:0.003374s ]

[ 2016-10-23T09:40:57+08:00 ] ::1 /wenfa/index.php/Home/Second/second.html
INFO: [ app_begin ] --START--
INFO: Run Behavior\ReadHtmlCache [ RunTime:0.002567s ]
INFO: [ app_begin ] --END-- [ RunTime:0.004418s ]
NOTIC: [8192] mysql_connect(): The mysql extension is deprecated and will be removed in the future: use mysqli or PDO instead D:\wamp\www\wenfa\ThinkPHP\Library\Think\Db\Driver\Mysql.class.php 第 52 行.
SQL: SHOW COLUMNS FROM `tp_que` [ RunTime:0.021109s ]
SQL: SELECT * FROM `tp_que`  [ RunTime:0.001837s ]
INFO: [ view_parse ] --START--
INFO: [ template_filter ] --START--
INFO: Run Behavior\ContentReplace [ RunTime:0.000205s ]
INFO: [ template_filter ] --END-- [ RunTime:0.000770s ]
INFO: Run Behavior\ParseTemplate [ RunTime:0.053581s ]
INFO: [ view_parse ] --END-- [ RunTime:0.054180s ]
INFO: [ view_filter ] --START--
INFO: Run Behavior\WriteHtmlCache [ RunTime:0.002186s ]
INFO: [ view_filter ] --END-- [ RunTime:0.002743s ]
INFO: [ app_end ] --START--
INFO: Run Behavior\ShowPageTrace [ RunTime:0.003073s ]
INFO: [ app_end ] --END-- [ RunTime:0.003677s ]

[ 2016-10-23T09:47:18+08:00 ] ::1 /wenfa/index.php/Home/Second/second.html
INFO: [ app_begin ] --START--
INFO: Run Behavior\ReadHtmlCache [ RunTime:0.002540s ]
INFO: [ app_begin ] --END-- [ RunTime:0.004331s ]
NOTIC: [8192] mysql_connect(): The mysql extension is deprecated and will be removed in the future: use mysqli or PDO instead D:\wamp\www\wenfa\ThinkPHP\Library\Think\Db\Driver\Mysql.class.php 第 52 行.
SQL: SHOW COLUMNS FROM `tp_que` [ RunTime:0.018098s ]
SQL: SELECT * FROM `tp_que`  [ RunTime:0.001622s ]
INFO: [ view_parse ] --START--
INFO: [ template_filter ] --START--
INFO: Run Behavior\ContentReplace [ RunTime:0.000210s ]
INFO: [ template_filter ] --END-- [ RunTime:0.000765s ]
INFO: Run Behavior\ParseTemplate [ RunTime:0.044423s ]
INFO: [ view_parse ] --END-- [ RunTime:0.045005s ]
INFO: [ view_filter ] --START--
INFO: Run Behavior\WriteHtmlCache [ RunTime:0.002382s ]
INFO: [ view_filter ] --END-- [ RunTime:0.002947s ]
INFO: [ app_end ] --START--
INFO: Run Behavior\ShowPageTrace [ RunTime:0.009906s ]
INFO: [ app_end ] --END-- [ RunTime:0.010530s ]

[ 2016-10-23T09:47:49+08:00 ] ::1 /wenfa/index.php/Home/Second/second.html
INFO: [ app_begin ] --START--
INFO: Run Behavior\ReadHtmlCache [ RunTime:0.002530s ]
INFO: [ app_begin ] --END-- [ RunTime:0.004512s ]
NOTIC: [8192] mysql_connect(): The mysql extension is deprecated and will be removed in the future: use mysqli or PDO instead D:\wamp\www\wenfa\ThinkPHP\Library\Think\Db\Driver\Mysql.class.php 第 52 行.
SQL: SHOW COLUMNS FROM `tp_que` [ RunTime:0.018259s ]
SQL: SELECT * FROM `tp_que`  [ RunTime:0.001571s ]
INFO: [ view_parse ] --START--
INFO: [ template_filter ] --START--
INFO: Run Behavior\ContentReplace [ RunTime:0.000235s ]
INFO: [ template_filter ] --END-- [ RunTime:0.000792s ]
INFO: Run Behavior\ParseTemplate [ RunTime:0.042288s ]
INFO: [ view_parse ] --END-- [ RunTime:0.042885s ]
INFO: [ view_filter ] --START--
INFO: Run Behavior\WriteHtmlCache [ RunTime:0.002436s ]
INFO: [ view_filter ] --END-- [ RunTime:0.003000s ]
INFO: [ app_end ] --START--
INFO: Run Behavior\ShowPageTrace [ RunTime:0.002704s ]
INFO: [ app_end ] --END-- [ RunTime:0.015621s ]

[ 2016-10-23T09:47:58+08:00 ] ::1 /wenfa/index.php/Home/Second/second.html
INFO: [ app_begin ] --START--
INFO: Run Behavior\ReadHtmlCache [ RunTime:0.002657s ]
INFO: [ app_begin ] --END-- [ RunTime:0.004666s ]
NOTIC: [8192] mysql_connect(): The mysql extension is deprecated and will be removed in the future: use mysqli or PDO instead D:\wamp\www\wenfa\ThinkPHP\Library\Think\Db\Driver\Mysql.class.php 第 52 行.
SQL: SHOW COLUMNS FROM `tp_que` [ RunTime:0.018858s ]
SQL: SELECT * FROM `tp_que`  [ RunTime:0.001480s ]
INFO: [ view_parse ] --START--
INFO: [ template_filter ] --START--
INFO: Run Behavior\ContentReplace [ RunTime:0.000208s ]
INFO: [ template_filter ] --END-- [ RunTime:0.000774s ]
INFO: Run Behavior\ParseTemplate [ RunTime:0.040350s ]
INFO: [ view_parse ] --END-- [ RunTime:0.040957s ]
INFO: [ view_filter ] --START--
INFO: Run Behavior\WriteHtmlCache [ RunTime:0.002117s ]
INFO: [ view_filter ] --END-- [ RunTime:0.002693s ]
INFO: [ app_end ] --START--
INFO: Run Behavior\ShowPageTrace [ RunTime:0.019338s ]
INFO: [ app_end ] --END-- [ RunTime:0.019952s ]

[ 2016-10-23T09:53:56+08:00 ] ::1 /wenfa/index.php/Home/Second/second.html
INFO: [ app_begin ] --START--
INFO: Run Behavior\ReadHtmlCache [ RunTime:0.002614s ]
INFO: [ app_begin ] --END-- [ RunTime:0.004503s ]
NOTIC: [8192] mysql_connect(): The mysql extension is deprecated and will be removed in the future: use mysqli or PDO instead D:\wamp\www\wenfa\ThinkPHP\Library\Think\Db\Driver\Mysql.class.php 第 52 行.
SQL: SHOW COLUMNS FROM `tp_que` [ RunTime:0.026219s ]
SQL: SELECT * FROM `tp_que`  [ RunTime:0.001714s ]
INFO: [ view_parse ] --START--
INFO: [ template_filter ] --START--
INFO: Run Behavior\ContentReplace [ RunTime:0.000232s ]
INFO: [ template_filter ] --END-- [ RunTime:0.000824s ]
INFO: Run Behavior\ParseTemplate [ RunTime:0.048254s ]
INFO: [ view_parse ] --END-- [ RunTime:0.048854s ]
INFO: [ view_filter ] --START--
INFO: Run Behavior\WriteHtmlCache [ RunTime:0.002250s ]
INFO: [ view_filter ] --END-- [ RunTime:0.002812s ]
INFO: [ app_end ] --START--
INFO: Run Behavior\ShowPageTrace [ RunTime:0.016290s ]
INFO: [ app_end ] --END-- [ RunTime:0.016908s ]

[ 2016-10-23T09:55:21+08:00 ] ::1 /wenfa/index.php/Home/Second/second.html
INFO: [ app_begin ] --START--
INFO: Run Behavior\ReadHtmlCache [ RunTime:0.002755s ]
INFO: [ app_begin ] --END-- [ RunTime:0.004579s ]
NOTIC: [8192] mysql_connect(): The mysql extension is deprecated and will be removed in the future: use mysqli or PDO instead D:\wamp\www\wenfa\ThinkPHP\Library\Think\Db\Driver\Mysql.class.php 第 52 行.
SQL: SHOW COLUMNS FROM `tp_que` [ RunTime:0.021498s ]
SQL: SELECT * FROM `tp_que`  [ RunTime:0.001527s ]
INFO: [ view_parse ] --START--
INFO: [ template_filter ] --START--
INFO: Run Behavior\ContentReplace [ RunTime:0.000213s ]
INFO: [ template_filter ] --END-- [ RunTime:0.000789s ]
INFO: Run Behavior\ParseTemplate [ RunTime:0.052260s ]
INFO: [ view_parse ] --END-- [ RunTime:0.052861s ]
INFO: [ view_filter ] --START--
INFO: Run Behavior\WriteHtmlCache [ RunTime:0.002335s ]
INFO: [ view_filter ] --END-- [ RunTime:0.003009s ]
INFO: [ app_end ] --START--
INFO: Run Behavior\ShowPageTrace [ RunTime:0.019585s ]
INFO: [ app_end ] --END-- [ RunTime:0.020204s ]

[ 2016-10-23T09:55:36+08:00 ] ::1 /wenfa/index.php/Home/Second/second.html
INFO: [ app_begin ] --START--
INFO: Run Behavior\ReadHtmlCache [ RunTime:0.002593s ]
INFO: [ app_begin ] --END-- [ RunTime:0.004461s ]
NOTIC: [8192] mysql_connect(): The mysql extension is deprecated and will be removed in the future: use mysqli or PDO instead D:\wamp\www\wenfa\ThinkPHP\Library\Think\Db\Driver\Mysql.class.php 第 52 行.
SQL: SHOW COLUMNS FROM `tp_que` [ RunTime:0.020661s ]
SQL: SELECT * FROM `tp_que`  [ RunTime:0.004040s ]
INFO: [ view_parse ] --START--
INFO: [ template_filter ] --START--
INFO: Run Behavior\ContentReplace [ RunTime:0.000218s ]
INFO: [ template_filter ] --END-- [ RunTime:0.000782s ]
INFO: Run Behavior\ParseTemplate [ RunTime:0.038065s ]
INFO: [ view_parse ] --END-- [ RunTime:0.038891s ]
INFO: [ view_filter ] --START--
INFO: Run Behavior\WriteHtmlCache [ RunTime:0.002196s ]
INFO: [ view_filter ] --END-- [ RunTime:0.002757s ]
INFO: [ app_end ] --START--
INFO: Run Behavior\ShowPageTrace [ RunTime:0.011731s ]
INFO: [ app_end ] --END-- [ RunTime:0.012362s ]

[ 2016-10-23T09:56:14+08:00 ] ::1 /wenfa/index.php/Home/Second/second.html
INFO: [ app_begin ] --START--
INFO: Run Behavior\ReadHtmlCache [ RunTime:0.002888s ]
INFO: [ app_begin ] --END-- [ RunTime:0.006655s ]
NOTIC: [8192] mysql_connect(): The mysql extension is deprecated and will be removed in the future: use mysqli or PDO instead D:\wamp\www\wenfa\ThinkPHP\Library\Think\Db\Driver\Mysql.class.php 第 52 行.
SQL: SHOW COLUMNS FROM `tp_que` [ RunTime:0.020679s ]
SQL: SELECT * FROM `tp_que`  [ RunTime:0.001632s ]
INFO: [ view_parse ] --START--
INFO: [ template_filter ] --START--
INFO: Run Behavior\ContentReplace [ RunTime:0.000204s ]
INFO: [ template_filter ] --END-- [ RunTime:0.000768s ]
INFO: Run Behavior\ParseTemplate [ RunTime:0.044541s ]
INFO: [ view_parse ] --END-- [ RunTime:0.045177s ]
INFO: [ view_filter ] --START--
INFO: Run Behavior\WriteHtmlCache [ RunTime:0.004800s ]
INFO: [ view_filter ] --END-- [ RunTime:0.005994s ]
INFO: [ app_end ] --START--
INFO: Run Behavior\ShowPageTrace [ RunTime:0.014517s ]
INFO: [ app_end ] --END-- [ RunTime:0.015169s ]

[ 2016-10-23T09:57:44+08:00 ] ::1 /wenfa/index.php/Home/Second/second.html
INFO: [ app_begin ] --START--
INFO: Run Behavior\ReadHtmlCache [ RunTime:0.006318s ]
INFO: [ app_begin ] --END-- [ RunTime:0.008234s ]
NOTIC: [8192] mysql_connect(): The mysql extension is deprecated and will be removed in the future: use mysqli or PDO instead D:\wamp\www\wenfa\ThinkPHP\Library\Think\Db\Driver\Mysql.class.php 第 52 行.
SQL: SHOW COLUMNS FROM `tp_que` [ RunTime:0.020396s ]
SQL: SELECT * FROM `tp_que`  [ RunTime:0.002653s ]
INFO: [ view_parse ] --START--
INFO: [ template_filter ] --START--
INFO: Run Behavior\ContentReplace [ RunTime:0.000205s ]
INFO: [ template_filter ] --END-- [ RunTime:0.000780s ]
INFO: Run Behavior\ParseTemplate [ RunTime:0.042364s ]
INFO: [ view_parse ] --END-- [ RunTime:0.042974s ]
INFO: [ view_filter ] --START--
INFO: Run Behavior\WriteHtmlCache [ RunTime:0.002117s ]
INFO: [ view_filter ] --END-- [ RunTime:0.002756s ]
INFO: [ app_end ] --START--
INFO: Run Behavior\ShowPageTrace [ RunTime:0.011466s ]
INFO: [ app_end ] --END-- [ RunTime:0.012080s ]

[ 2016-10-23T09:57:48+08:00 ] ::1 /wenfa/index.php/Home/Second/second.html
INFO: [ app_begin ] --START--
INFO: Run Behavior\ReadHtmlCache [ RunTime:0.008084s ]
INFO: [ app_begin ] --END-- [ RunTime:0.009889s ]
NOTIC: [8192] mysql_connect(): The mysql extension is deprecated and will be removed in the future: use mysqli or PDO instead D:\wamp\www\wenfa\ThinkPHP\Library\Think\Db\Driver\Mysql.class.php 第 52 行.
SQL: SHOW COLUMNS FROM `tp_que` [ RunTime:0.019596s ]
SQL: SELECT * FROM `tp_que`  [ RunTime:0.003569s ]
INFO: [ view_parse ] --START--
INFO: [ template_filter ] --START--
INFO: Run Behavior\ContentReplace [ RunTime:0.000215s ]
INFO: [ template_filter ] --END-- [ RunTime:0.000801s ]
INFO: Run Behavior\ParseTemplate [ RunTime:0.035626s ]
INFO: [ view_parse ] --END-- [ RunTime:0.036214s ]
INFO: [ view_filter ] --START--
INFO: Run Behavior\WriteHtmlCache [ RunTime:0.002637s ]
INFO: [ view_filter ] --END-- [ RunTime:0.003254s ]
INFO: [ app_end ] --START--
INFO: Run Behavior\ShowPageTrace [ RunTime:0.013659s ]
INFO: [ app_end ] --END-- [ RunTime:0.014284s ]

[ 2016-10-23T09:57:51+08:00 ] ::1 /wenfa/index.php/Home/Second/second.html
INFO: [ app_begin ] --START--
INFO: Run Behavior\ReadHtmlCache [ RunTime:0.003841s ]
INFO: [ app_begin ] --END-- [ RunTime:0.011285s ]
NOTIC: [8192] mysql_connect(): The mysql extension is deprecated and will be removed in the future: use mysqli or PDO instead D:\wamp\www\wenfa\ThinkPHP\Library\Think\Db\Driver\Mysql.class.php 第 52 行.
SQL: SHOW COLUMNS FROM `tp_que` [ RunTime:0.019536s ]
SQL: SELECT * FROM `tp_que`  [ RunTime:0.001495s ]
INFO: [ view_parse ] --START--
INFO: [ template_filter ] --START--
INFO: Run Behavior\ContentReplace [ RunTime:0.000205s ]
INFO: [ template_filter ] --END-- [ RunTime:0.000782s ]
INFO: Run Behavior\ParseTemplate [ RunTime:0.038371s ]
INFO: [ view_parse ] --END-- [ RunTime:0.039829s ]
INFO: [ view_filter ] --START--
INFO: Run Behavior\WriteHtmlCache [ RunTime:0.002100s ]
INFO: [ view_filter ] --END-- [ RunTime:0.002665s ]
INFO: [ app_end ] --START--
INFO: Run Behavior\ShowPageTrace [ RunTime:0.018569s ]
INFO: [ app_end ] --END-- [ RunTime:0.019573s ]

[ 2016-10-23T10:02:20+08:00 ] ::1 /wenfa/index.php/Home/Second/second.html
INFO: [ app_begin ] --START--
INFO: Run Behavior\ReadHtmlCache [ RunTime:0.002721s ]
INFO: [ app_begin ] --END-- [ RunTime:0.004566s ]
NOTIC: [8192] mysql_connect(): The mysql extension is deprecated and will be removed in the future: use mysqli or PDO instead D:\wamp\www\wenfa\ThinkPHP\Library\Think\Db\Driver\Mysql.class.php 第 52 行.
SQL: SHOW COLUMNS FROM `tp_que` [ RunTime:0.021964s ]
SQL: SELECT * FROM `tp_que`  [ RunTime:0.001590s ]
INFO: [ view_parse ] --START--
INFO: [ template_filter ] --START--
INFO: Run Behavior\ContentReplace [ RunTime:0.000212s ]
INFO: [ template_filter ] --END-- [ RunTime:0.000802s ]
INFO: Run Behavior\ParseTemplate [ RunTime:0.051091s ]
INFO: [ view_parse ] --END-- [ RunTime:0.053095s ]
INFO: [ view_filter ] --START--
INFO: Run Behavior\WriteHtmlCache [ RunTime:0.002248s ]
INFO: [ view_filter ] --END-- [ RunTime:0.002849s ]
INFO: [ app_end ] --START--
INFO: Run Behavior\ShowPageTrace [ RunTime:0.023795s ]
INFO: [ app_end ] --END-- [ RunTime:0.025140s ]

[ 2016-10-23T10:02:49+08:00 ] ::1 /wenfa/index.php/Home/Second/second.html
INFO: [ app_begin ] --START--
INFO: Run Behavior\ReadHtmlCache [ RunTime:0.002547s ]
INFO: [ app_begin ] --END-- [ RunTime:0.008449s ]
NOTIC: [8192] mysql_connect(): The mysql extension is deprecated and will be removed in the future: use mysqli or PDO instead D:\wamp\www\wenfa\ThinkPHP\Library\Think\Db\Driver\Mysql.class.php 第 52 行.
SQL: SHOW COLUMNS FROM `tp_que` [ RunTime:0.021655s ]
SQL: SELECT * FROM `tp_que`  [ RunTime:0.001526s ]
INFO: [ view_parse ] --START--
INFO: [ template_filter ] --START--
INFO: Run Behavior\ContentReplace [ RunTime:0.001002s ]
INFO: [ template_filter ] --END-- [ RunTime:0.001732s ]
INFO: Run Behavior\ParseTemplate [ RunTime:0.048725s ]
INFO: [ view_parse ] --END-- [ RunTime:0.049339s ]
INFO: [ view_filter ] --START--
INFO: Run Behavior\WriteHtmlCache [ RunTime:0.002204s ]
INFO: [ view_filter ] --END-- [ RunTime:0.002775s ]
INFO: [ app_end ] --START--
INFO: Run Behavior\ShowPageTrace [ RunTime:0.024768s ]
INFO: [ app_end ] --END-- [ RunTime:0.025399s ]

[ 2016-10-23T10:02:52+08:00 ] ::1 /wenfa/index.php/Home/Second/second.html
INFO: [ app_begin ] --START--
INFO: Run Behavior\ReadHtmlCache [ RunTime:0.002450s ]
INFO: [ app_begin ] --END-- [ RunTime:0.004275s ]
NOTIC: [8192] mysql_connect(): The mysql extension is deprecated and will be removed in the future: use mysqli or PDO instead D:\wamp\www\wenfa\ThinkPHP\Library\Think\Db\Driver\Mysql.class.php 第 52 行.
SQL: SHOW COLUMNS FROM `tp_que` [ RunTime:0.025935s ]
SQL: SELECT * FROM `tp_que`  [ RunTime:0.001582s ]
INFO: [ view_parse ] --START--
INFO: [ template_filter ] --START--
INFO: Run Behavior\ContentReplace [ RunTime:0.000217s ]
INFO: [ template_filter ] --END-- [ RunTime:0.000814s ]
INFO: Run Behavior\ParseTemplate [ RunTime:0.036777s ]
INFO: [ view_parse ] --END-- [ RunTime:0.037382s ]
INFO: [ view_filter ] --START--
INFO: Run Behavior\WriteHtmlCache [ RunTime:0.002001s ]
INFO: [ view_filter ] --END-- [ RunTime:0.002686s ]
INFO: [ app_end ] --START--
INFO: Run Behavior\ShowPageTrace [ RunTime:0.019320s ]
INFO: [ app_end ] --END-- [ RunTime:0.019934s ]

[ 2016-10-23T10:06:17+08:00 ] ::1 /wenfa/index.php/Home/Second/second.html
INFO: [ app_begin ] --START--
INFO: Run Behavior\ReadHtmlCache [ RunTime:0.002912s ]
INFO: [ app_begin ] --END-- [ RunTime:0.004878s ]
NOTIC: [8192] mysql_connect(): The mysql extension is deprecated and will be removed in the future: use mysqli or PDO instead D:\wamp\www\wenfa\ThinkPHP\Library\Think\Db\Driver\Mysql.class.php 第 52 行.
SQL: SHOW COLUMNS FROM `tp_que` [ RunTime:0.020633s ]
SQL: SELECT * FROM `tp_que`  [ RunTime:0.002575s ]
INFO: [ view_parse ] --START--
INFO: [ template_filter ] --START--
INFO: Run Behavior\ContentReplace [ RunTime:0.000464s ]
INFO: [ template_filter ] --END-- [ RunTime:0.001467s ]
INFO: Run Behavior\ParseTemplate [ RunTime:0.042849s ]
INFO: [ view_parse ] --END-- [ RunTime:0.043455s ]
INFO: [ view_filter ] --START--
INFO: Run Behavior\WriteHtmlCache [ RunTime:0.003750s ]
INFO: [ view_filter ] --END-- [ RunTime:0.004377s ]
INFO: [ app_end ] --START--
INFO: Run Behavior\ShowPageTrace [ RunTime:0.020616s ]
INFO: [ app_end ] --END-- [ RunTime:0.021767s ]

[ 2016-10-23T10:06:43+08:00 ] ::1 /wenfa/index.php/Home/Second/second.html
INFO: [ app_begin ] --START--
INFO: Run Behavior\ReadHtmlCache [ RunTime:0.002512s ]
INFO: [ app_begin ] --END-- [ RunTime:0.004455s ]
NOTIC: [8192] mysql_connect(): The mysql extension is deprecated and will be removed in the future: use mysqli or PDO instead D:\wamp\www\wenfa\ThinkPHP\Library\Think\Db\Driver\Mysql.class.php 第 52 行.
SQL: SHOW COLUMNS FROM `tp_que` [ RunTime:0.020607s ]
SQL: SELECT * FROM `tp_que`  [ RunTime:0.001538s ]
INFO: [ view_parse ] --START--
INFO: [ template_filter ] --START--
INFO: Run Behavior\ContentReplace [ RunTime:0.000725s ]
INFO: [ template_filter ] --END-- [ RunTime:0.001342s ]
INFO: Run Behavior\ParseTemplate [ RunTime:0.045366s ]
INFO: [ view_parse ] --END-- [ RunTime:0.046175s ]
INFO: [ view_filter ] --START--
INFO: Run Behavior\WriteHtmlCache [ RunTime:0.002140s ]
INFO: [ view_filter ] --END-- [ RunTime:0.002884s ]
INFO: [ app_end ] --START--
INFO: Run Behavior\ShowPageTrace [ RunTime:0.015676s ]
INFO: [ app_end ] --END-- [ RunTime:0.016299s ]

[ 2016-10-23T10:07:32+08:00 ] ::1 /wenfa/index.php/Home/Second/second.html
INFO: [ app_begin ] --START--
INFO: Run Behavior\ReadHtmlCache [ RunTime:0.002477s ]
INFO: [ app_begin ] --END-- [ RunTime:0.004350s ]
NOTIC: [8192] mysql_connect(): The mysql extension is deprecated and will be removed in the future: use mysqli or PDO instead D:\wamp\www\wenfa\ThinkPHP\Library\Think\Db\Driver\Mysql.class.php 第 52 行.
SQL: SHOW COLUMNS FROM `tp_que` [ RunTime:0.021716s ]
SQL: SELECT * FROM `tp_que`  [ RunTime:0.001574s ]
INFO: [ view_parse ] --START--
INFO: [ template_filter ] --START--
INFO: Run Behavior\ContentReplace [ RunTime:0.000213s ]
INFO: [ template_filter ] --END-- [ RunTime:0.000792s ]
INFO: Run Behavior\ParseTemplate [ RunTime:0.045959s ]
INFO: [ view_parse ] --END-- [ RunTime:0.047246s ]
INFO: [ view_filter ] --START--
INFO: Run Behavior\WriteHtmlCache [ RunTime:0.002074s ]
INFO: [ view_filter ] --END-- [ RunTime:0.003026s ]
INFO: [ app_end ] --START--
INFO: Run Behavior\ShowPageTrace [ RunTime:0.018708s ]
INFO: [ app_end ] --END-- [ RunTime:0.019333s ]

[ 2016-10-23T10:08:23+08:00 ] ::1 /wenfa/index.php/Home/Second/second.html
INFO: [ app_begin ] --START--
INFO: Run Behavior\ReadHtmlCache [ RunTime:0.002593s ]
INFO: [ app_begin ] --END-- [ RunTime:0.004466s ]
NOTIC: [8192] mysql_connect(): The mysql extension is deprecated and will be removed in the future: use mysqli or PDO instead D:\wamp\www\wenfa\ThinkPHP\Library\Think\Db\Driver\Mysql.class.php 第 52 行.
SQL: SHOW COLUMNS FROM `tp_que` [ RunTime:0.021389s ]
SQL: SELECT * FROM `tp_que`  [ RunTime:0.003690s ]
INFO: [ view_parse ] --START--
INFO: [ template_filter ] --START--
INFO: Run Behavior\ContentReplace [ RunTime:0.000774s ]
INFO: [ template_filter ] --END-- [ RunTime:0.003262s ]
INFO: Run Behavior\ParseTemplate [ RunTime:0.035811s ]
INFO: [ view_parse ] --END-- [ RunTime:0.036445s ]
INFO: [ view_filter ] --START--
INFO: Run Behavior\WriteHtmlCache [ RunTime:0.002132s ]
INFO: [ view_filter ] --END-- [ RunTime:0.002734s ]
INFO: [ app_end ] --START--
INFO: Run Behavior\ShowPageTrace [ RunTime:0.016775s ]
INFO: [ app_end ] --END-- [ RunTime:0.017520s ]

[ 2016-10-23T10:09:07+08:00 ] ::1 /wenfa/index.php/Home/Second/second.html
INFO: [ app_begin ] --START--
INFO: Run Behavior\ReadHtmlCache [ RunTime:0.002451s ]
INFO: [ app_begin ] --END-- [ RunTime:0.004257s ]
NOTIC: [8192] mysql_connect(): The mysql extension is deprecated and will be removed in the future: use mysqli or PDO instead D:\wamp\www\wenfa\ThinkPHP\Library\Think\Db\Driver\Mysql.class.php 第 52 行.
SQL: SHOW COLUMNS FROM `tp_que` [ RunTime:0.022595s ]
SQL: SELECT * FROM `tp_que`  [ RunTime:0.004290s ]
INFO: [ view_parse ] --START--
INFO: [ template_filter ] --START--
INFO: Run Behavior\ContentReplace [ RunTime:0.000236s ]
INFO: [ template_filter ] --END-- [ RunTime:0.000840s ]
INFO: Run Behavior\ParseTemplate [ RunTime:0.045525s ]
INFO: [ view_parse ] --END-- [ RunTime:0.046131s ]
INFO: [ view_filter ] --START--
INFO: Run Behavior\WriteHtmlCache [ RunTime:0.002075s ]
INFO: [ view_filter ] --END-- [ RunTime:0.002647s ]
INFO: [ app_end ] --START--
INFO: Run Behavior\ShowPageTrace [ RunTime:0.015137s ]
INFO: [ app_end ] --END-- [ RunTime:0.016414s ]

[ 2016-10-23T10:09:19+08:00 ] ::1 /wenfa/index.php/Home/Second/second.html
INFO: [ app_begin ] --START--
INFO: Run Behavior\ReadHtmlCache [ RunTime:0.002952s ]
INFO: [ app_begin ] --END-- [ RunTime:0.005108s ]
NOTIC: [8192] mysql_connect(): The mysql extension is deprecated and will be removed in the future: use mysqli or PDO instead D:\wamp\www\wenfa\ThinkPHP\Library\Think\Db\Driver\Mysql.class.php 第 52 行.
SQL: SHOW COLUMNS FROM `tp_que` [ RunTime:0.022122s ]
SQL: SELECT * FROM `tp_que`  [ RunTime:0.004067s ]
INFO: [ view_parse ] --START--
INFO: [ template_filter ] --START--
INFO: Run Behavior\ContentReplace [ RunTime:0.000205s ]
INFO: [ template_filter ] --END-- [ RunTime:0.000781s ]
INFO: Run Behavior\ParseTemplate [ RunTime:0.038834s ]
INFO: [ view_parse ] --END-- [ RunTime:0.039451s ]
INFO: [ view_filter ] --START--
INFO: Run Behavior\WriteHtmlCache [ RunTime:0.002075s ]
INFO: [ view_filter ] --END-- [ RunTime:0.002644s ]
INFO: [ app_end ] --START--
INFO: Run Behavior\ShowPageTrace [ RunTime:0.002533s ]
INFO: [ app_end ] --END-- [ RunTime:0.003146s ]

[ 2016-10-23T10:09:23+08:00 ] ::1 /wenfa/index.php/Home/Second/second.html
INFO: [ app_begin ] --START--
INFO: Run Behavior\ReadHtmlCache [ RunTime:0.002467s ]
INFO: [ app_begin ] --END-- [ RunTime:0.005030s ]
NOTIC: [8192] mysql_connect(): The mysql extension is deprecated and will be removed in the future: use mysqli or PDO instead D:\wamp\www\wenfa\ThinkPHP\Library\Think\Db\Driver\Mysql.class.php 第 52 行.
SQL: SHOW COLUMNS FROM `tp_que` [ RunTime:0.022264s ]
SQL: SELECT * FROM `tp_que`  [ RunTime:0.002367s ]
INFO: [ view_parse ] --START--
INFO: [ template_filter ] --START--
INFO: Run Behavior\ContentReplace [ RunTime:0.000205s ]
INFO: [ template_filter ] --END-- [ RunTime:0.000782s ]
INFO: Run Behavior\ParseTemplate [ RunTime:0.033945s ]
INFO: [ view_parse ] --END-- [ RunTime:0.034545s ]
INFO: [ view_filter ] --START--
INFO: Run Behavior\WriteHtmlCache [ RunTime:0.004233s ]
INFO: [ view_filter ] --END-- [ RunTime:0.004817s ]
INFO: [ app_end ] --START--
INFO: Run Behavior\ShowPageTrace [ RunTime:0.013007s ]
INFO: [ app_end ] --END-- [ RunTime:0.013650s ]

[ 2016-10-23T10:09:26+08:00 ] ::1 /wenfa/index.php/Home/Second/second.html
INFO: [ app_begin ] --START--
INFO: Run Behavior\ReadHtmlCache [ RunTime:0.002468s ]
INFO: [ app_begin ] --END-- [ RunTime:0.004296s ]
NOTIC: [8192] mysql_connect(): The mysql extension is deprecated and will be removed in the future: use mysqli or PDO instead D:\wamp\www\wenfa\ThinkPHP\Library\Think\Db\Driver\Mysql.class.php 第 52 行.
SQL: SHOW COLUMNS FROM `tp_que` [ RunTime:0.025973s ]
SQL: SELECT * FROM `tp_que`  [ RunTime:0.001510s ]
INFO: [ view_parse ] --START--
INFO: [ template_filter ] --START--
INFO: Run Behavior\ContentReplace [ RunTime:0.000210s ]
INFO: [ template_filter ] --END-- [ RunTime:0.000789s ]
INFO: Run Behavior\ParseTemplate [ RunTime:0.038353s ]
INFO: [ view_parse ] --END-- [ RunTime:0.042026s ]
INFO: [ view_filter ] --START--
INFO: Run Behavior\WriteHtmlCache [ RunTime:0.002124s ]
INFO: [ view_filter ] --END-- [ RunTime:0.002700s ]
INFO: [ app_end ] --START--
INFO: Run Behavior\ShowPageTrace [ RunTime:0.002737s ]
INFO: [ app_end ] --END-- [ RunTime:0.003352s ]

[ 2016-10-23T10:09:38+08:00 ] ::1 /wenfa/index.php/Home/Second/second.html
INFO: [ app_begin ] --START--
INFO: Run Behavior\ReadHtmlCache [ RunTime:0.002496s ]
INFO: [ app_begin ] --END-- [ RunTime:0.004498s ]
NOTIC: [8192] mysql_connect(): The mysql extension is deprecated and will be removed in the future: use mysqli or PDO instead D:\wamp\www\wenfa\ThinkPHP\Library\Think\Db\Driver\Mysql.class.php 第 52 行.
SQL: SHOW COLUMNS FROM `tp_que` [ RunTime:0.021274s ]
SQL: SELECT * FROM `tp_que`  [ RunTime:0.001870s ]
INFO: [ view_parse ] --START--
INFO: [ template_filter ] --START--
INFO: Run Behavior\ContentReplace [ RunTime:0.000209s ]
INFO: [ template_filter ] --END-- [ RunTime:0.000797s ]
INFO: Run Behavior\ParseTemplate [ RunTime:0.040522s ]
INFO: [ view_parse ] --END-- [ RunTime:0.041145s ]
INFO: [ view_filter ] --START--
INFO: Run Behavior\WriteHtmlCache [ RunTime:0.002056s ]
INFO: [ view_filter ] --END-- [ RunTime:0.002632s ]
INFO: [ app_end ] --START--
INFO: Run Behavior\ShowPageTrace [ RunTime:0.002551s ]
INFO: [ app_end ] --END-- [ RunTime:0.018797s ]

[ 2016-10-23T10:10:12+08:00 ] ::1 /wenfa/index.php/Home/Second/second.html
INFO: [ app_begin ] --START--
INFO: Run Behavior\ReadHtmlCache [ RunTime:0.002629s ]
INFO: [ app_begin ] --END-- [ RunTime:0.004440s ]
NOTIC: [8192] mysql_connect(): The mysql extension is deprecated and will be removed in the future: use mysqli or PDO instead D:\wamp\www\wenfa\ThinkPHP\Library\Think\Db\Driver\Mysql.class.php 第 52 行.
SQL: SHOW COLUMNS FROM `tp_que` [ RunTime:0.023050s ]
SQL: SELECT * FROM `tp_que`  [ RunTime:0.001584s ]
INFO: [ view_parse ] --START--
INFO: [ template_filter ] --START--
INFO: Run Behavior\ContentReplace [ RunTime:0.000967s ]
INFO: [ template_filter ] --END-- [ RunTime:0.001712s ]
INFO: Run Behavior\ParseTemplate [ RunTime:0.040696s ]
INFO: [ view_parse ] --END-- [ RunTime:0.041300s ]
INFO: [ view_filter ] --START--
INFO: Run Behavior\WriteHtmlCache [ RunTime:0.002833s ]
INFO: [ view_filter ] --END-- [ RunTime:0.003867s ]
INFO: [ app_end ] --START--
INFO: Run Behavior\ShowPageTrace [ RunTime:0.002554s ]
INFO: [ app_end ] --END-- [ RunTime:0.014893s ]

[ 2016-10-23T10:10:17+08:00 ] ::1 /wenfa/index.php/Home/Second/second.html
INFO: [ app_begin ] --START--
INFO: Run Behavior\ReadHtmlCache [ RunTime:0.002407s ]
INFO: [ app_begin ] --END-- [ RunTime:0.004178s ]
NOTIC: [8192] mysql_connect(): The mysql extension is deprecated and will be removed in the future: use mysqli or PDO instead D:\wamp\www\wenfa\ThinkPHP\Library\Think\Db\Driver\Mysql.class.php 第 52 行.
SQL: SHOW COLUMNS FROM `tp_que` [ RunTime:0.021381s ]
SQL: SELECT * FROM `tp_que`  [ RunTime:0.001495s ]
INFO: [ view_parse ] --START--
INFO: [ template_filter ] --START--
INFO: Run Behavior\ContentReplace [ RunTime:0.000214s ]
INFO: [ template_filter ] --END-- [ RunTime:0.000820s ]
INFO: Run Behavior\ParseTemplate [ RunTime:0.033795s ]
INFO: [ view_parse ] --END-- [ RunTime:0.035638s ]
INFO: [ view_filter ] --START--
INFO: Run Behavior\WriteHtmlCache [ RunTime:0.002056s ]
INFO: [ view_filter ] --END-- [ RunTime:0.003412s ]
INFO: [ app_end ] --START--
INFO: Run Behavior\ShowPageTrace [ RunTime:0.013464s ]
INFO: [ app_end ] --END-- [ RunTime:0.014084s ]

[ 2016-10-23T10:10:39+08:00 ] ::1 /wenfa/index.php/Home/Second/second.html
INFO: [ app_begin ] --START--
INFO: Run Behavior\ReadHtmlCache [ RunTime:0.002479s ]
INFO: [ app_begin ] --END-- [ RunTime:0.004265s ]
NOTIC: [8192] mysql_connect(): The mysql extension is deprecated and will be removed in the future: use mysqli or PDO instead D:\wamp\www\wenfa\ThinkPHP\Library\Think\Db\Driver\Mysql.class.php 第 52 行.
SQL: SHOW COLUMNS FROM `tp_que` [ RunTime:0.020713s ]
SQL: SELECT * FROM `tp_que`  [ RunTime:0.002135s ]
INFO: [ view_parse ] --START--
INFO: [ template_filter ] --START--
INFO: Run Behavior\ContentReplace [ RunTime:0.000209s ]
INFO: [ template_filter ] --END-- [ RunTime:0.000784s ]
INFO: Run Behavior\ParseTemplate [ RunTime:0.041177s ]
INFO: [ view_parse ] --END-- [ RunTime:0.041790s ]
INFO: [ view_filter ] --START--
INFO: Run Behavior\WriteHtmlCache [ RunTime:0.002234s ]
INFO: [ view_filter ] --END-- [ RunTime:0.002812s ]
INFO: [ app_end ] --START--
INFO: Run Behavior\ShowPageTrace [ RunTime:0.017841s ]
INFO: [ app_end ] --END-- [ RunTime:0.018632s ]

[ 2016-10-23T10:11:17+08:00 ] ::1 /wenfa/index.php/Home/Second/second.html
INFO: [ app_begin ] --START--
INFO: Run Behavior\ReadHtmlCache [ RunTime:0.004126s ]
INFO: [ app_begin ] --END-- [ RunTime:0.006618s ]
NOTIC: [8192] mysql_connect(): The mysql extension is deprecated and will be removed in the future: use mysqli or PDO instead D:\wamp\www\wenfa\ThinkPHP\Library\Think\Db\Driver\Mysql.class.php 第 52 行.
SQL: SHOW COLUMNS FROM `tp_que` [ RunTime:0.023458s ]
SQL: SELECT * FROM `tp_que`  [ RunTime:0.001811s ]
INFO: [ view_parse ] --START--
INFO: [ template_filter ] --START--
INFO: Run Behavior\ContentReplace [ RunTime:0.000214s ]
INFO: [ template_filter ] --END-- [ RunTime:0.000789s ]
INFO: Run Behavior\ParseTemplate [ RunTime:0.042190s ]
INFO: [ view_parse ] --END-- [ RunTime:0.043502s ]
INFO: [ view_filter ] --START--
INFO: Run Behavior\WriteHtmlCache [ RunTime:0.002053s ]
INFO: [ view_filter ] --END-- [ RunTime:0.002628s ]
INFO: [ app_end ] --START--
INFO: Run Behavior\ShowPageTrace [ RunTime:0.017237s ]
INFO: [ app_end ] --END-- [ RunTime:0.017867s ]

[ 2016-10-23T10:13:00+08:00 ] ::1 /wenfa/index.php/Home/Second/second.html
INFO: [ app_begin ] --START--
INFO: Run Behavior\ReadHtmlCache [ RunTime:0.002554s ]
INFO: [ app_begin ] --END-- [ RunTime:0.004387s ]
NOTIC: [8192] mysql_connect(): The mysql extension is deprecated and will be removed in the future: use mysqli or PDO instead D:\wamp\www\wenfa\ThinkPHP\Library\Think\Db\Driver\Mysql.class.php 第 52 行.
SQL: SHOW COLUMNS FROM `tp_que` [ RunTime:0.025056s ]
SQL: SELECT * FROM `tp_que`  [ RunTime:0.001521s ]
INFO: [ view_parse ] --START--
INFO: [ template_filter ] --START--
INFO: Run Behavior\ContentReplace [ RunTime:0.000215s ]
INFO: [ template_filter ] --END-- [ RunTime:0.000798s ]
INFO: Run Behavior\ParseTemplate [ RunTime:0.033038s ]
INFO: [ view_parse ] --END-- [ RunTime:0.033642s ]
INFO: [ view_filter ] --START--
INFO: Run Behavior\WriteHtmlCache [ RunTime:0.002708s ]
INFO: [ view_filter ] --END-- [ RunTime:0.003283s ]
INFO: [ app_end ] --START--
INFO: Run Behavior\ShowPageTrace [ RunTime:0.002544s ]
INFO: [ app_end ] --END-- [ RunTime:0.003246s ]

[ 2016-10-23T10:13:56+08:00 ] ::1 /wenfa/index.php/Home/Second/second.html
INFO: [ app_begin ] --START--
INFO: Run Behavior\ReadHtmlCache [ RunTime:0.003263s ]
INFO: [ app_begin ] --END-- [ RunTime:0.006183s ]
NOTIC: [8192] mysql_connect(): The mysql extension is deprecated and will be removed in the future: use mysqli or PDO instead D:\wamp\www\wenfa\ThinkPHP\Library\Think\Db\Driver\Mysql.class.php 第 52 行.
SQL: SHOW COLUMNS FROM `tp_que` [ RunTime:0.023744s ]
SQL: SELECT * FROM `tp_que`  [ RunTime:0.001545s ]
INFO: [ view_parse ] --START--
INFO: [ template_filter ] --START--
INFO: Run Behavior\ContentReplace [ RunTime:0.000220s ]
INFO: [ template_filter ] --END-- [ RunTime:0.000782s ]
INFO: Run Behavior\ParseTemplate [ RunTime:0.040722s ]
INFO: [ view_parse ] --END-- [ RunTime:0.042503s ]
INFO: [ view_filter ] --START--
INFO: Run Behavior\WriteHtmlCache [ RunTime:0.002619s ]
INFO: [ view_filter ] --END-- [ RunTime:0.003195s ]
INFO: [ app_end ] --START--
INFO: Run Behavior\ShowPageTrace [ RunTime:0.018958s ]
INFO: [ app_end ] --END-- [ RunTime:0.019578s ]

[ 2016-10-23T10:15:42+08:00 ] ::1 /wenfa/index.php/Home/Second/second.html
INFO: [ app_begin ] --START--
INFO: Run Behavior\ReadHtmlCache [ RunTime:0.002360s ]
INFO: [ app_begin ] --END-- [ RunTime:0.004008s ]
NOTIC: [8192] mysql_connect(): The mysql extension is deprecated and will be removed in the future: use mysqli or PDO instead D:\wamp\www\wenfa\ThinkPHP\Library\Think\Db\Driver\Mysql.class.php 第 52 行.
SQL: SHOW COLUMNS FROM `tp_que` [ RunTime:0.023305s ]
SQL: SELECT * FROM `tp_que`  [ RunTime:0.002474s ]
INFO: [ view_parse ] --START--
INFO: [ template_filter ] --START--
INFO: Run Behavior\ContentReplace [ RunTime:0.000204s ]
INFO: [ template_filter ] --END-- [ RunTime:0.000763s ]
INFO: Run Behavior\ParseTemplate [ RunTime:0.037611s ]
INFO: [ view_parse ] --END-- [ RunTime:0.038191s ]
INFO: [ view_filter ] --START--
INFO: Run Behavior\WriteHtmlCache [ RunTime:0.001159s ]
INFO: [ view_filter ] --END-- [ RunTime:0.002439s ]
INFO: [ app_end ] --START--
INFO: Run Behavior\ShowPageTrace [ RunTime:0.001765s ]
INFO: [ app_end ] --END-- [ RunTime:0.017219s ]

[ 2016-10-23T10:17:27+08:00 ] ::1 /wenfa/index.php/Home/Second/second.html
INFO: [ app_begin ] --START--
INFO: Run Behavior\ReadHtmlCache [ RunTime:0.001951s ]
INFO: [ app_begin ] --END-- [ RunTime:0.003757s ]
NOTIC: [8192] mysql_connect(): The mysql extension is deprecated and will be removed in the future: use mysqli or PDO instead D:\wamp\www\wenfa\ThinkPHP\Library\Think\Db\Driver\Mysql.class.php 第 52 行.
SQL: SHOW COLUMNS FROM `tp_que` [ RunTime:0.021205s ]
SQL: SELECT * FROM `tp_que`  [ RunTime:0.001560s ]
INFO: [ view_parse ] --START--
INFO: [ template_filter ] --START--
INFO: Run Behavior\ContentReplace [ RunTime:0.000208s ]
INFO: [ template_filter ] --END-- [ RunTime:0.000777s ]
INFO: Run Behavior\ParseTemplate [ RunTime:0.039630s ]
INFO: [ view_parse ] --END-- [ RunTime:0.040320s ]
INFO: [ view_filter ] --START--
INFO: Run Behavior\WriteHtmlCache [ RunTime:0.001465s ]
INFO: [ view_filter ] --END-- [ RunTime:0.002023s ]
INFO: [ app_end ] --START--
INFO: Run Behavior\ShowPageTrace [ RunTime:0.014543s ]
INFO: [ app_end ] --END-- [ RunTime:0.015163s ]

[ 2016-10-23T10:17:31+08:00 ] ::1 /wenfa/index.php/Home/Second/second.html
INFO: [ app_begin ] --START--
INFO: Run Behavior\ReadHtmlCache [ RunTime:0.001591s ]
INFO: [ app_begin ] --END-- [ RunTime:0.003220s ]
NOTIC: [8192] mysql_connect(): The mysql extension is deprecated and will be removed in the future: use mysqli or PDO instead D:\wamp\www\wenfa\ThinkPHP\Library\Think\Db\Driver\Mysql.class.php 第 52 行.
SQL: SHOW COLUMNS FROM `tp_que` [ RunTime:0.020013s ]
SQL: SELECT * FROM `tp_que`  [ RunTime:0.001485s ]
INFO: [ view_parse ] --START--
INFO: [ template_filter ] --START--
INFO: Run Behavior\ContentReplace [ RunTime:0.000204s ]
INFO: [ template_filter ] --END-- [ RunTime:0.000766s ]
INFO: Run Behavior\ParseTemplate [ RunTime:0.028739s ]
INFO: [ view_parse ] --END-- [ RunTime:0.029341s ]
INFO: [ view_filter ] --START--
INFO: Run Behavior\WriteHtmlCache [ RunTime:0.004681s ]
INFO: [ view_filter ] --END-- [ RunTime:0.005251s ]
INFO: [ app_end ] --START--
INFO: Run Behavior\ShowPageTrace [ RunTime:0.014517s ]
INFO: [ app_end ] --END-- [ RunTime:0.015124s ]

[ 2016-10-23T10:17:38+08:00 ] ::1 /wenfa/index.php/Home/Second/second.html
INFO: [ app_begin ] --START--
INFO: Run Behavior\ReadHtmlCache [ RunTime:0.002274s ]
INFO: [ app_begin ] --END-- [ RunTime:0.004361s ]
NOTIC: [8192] mysql_connect(): The mysql extension is deprecated and will be removed in the future: use mysqli or PDO instead D:\wamp\www\wenfa\ThinkPHP\Library\Think\Db\Driver\Mysql.class.php 第 52 行.
SQL: SHOW COLUMNS FROM `tp_que` [ RunTime:0.020974s ]
SQL: SELECT * FROM `tp_que`  [ RunTime:0.001966s ]
INFO: [ view_parse ] --START--
INFO: [ template_filter ] --START--
INFO: Run Behavior\ContentReplace [ RunTime:0.000211s ]
INFO: [ template_filter ] --END-- [ RunTime:0.001524s ]
INFO: Run Behavior\ParseTemplate [ RunTime:0.035030s ]
INFO: [ view_parse ] --END-- [ RunTime:0.035631s ]
INFO: [ view_filter ] --START--
INFO: Run Behavior\WriteHtmlCache [ RunTime:0.001423s ]
INFO: [ view_filter ] --END-- [ RunTime:0.001990s ]
INFO: [ app_end ] --START--
INFO: Run Behavior\ShowPageTrace [ RunTime:0.021952s ]
INFO: [ app_end ] --END-- [ RunTime:0.022576s ]

